<?xml version="1.0" encoding="UTF-8"?>
<!-- Generated by org.testng.reporters.JUnitReportReporter -->
<testsuite skipped="0" hostname="DESKTOP-AFPACQQ" name="testDriver.TestCaseRunner" tests="5" failures="0" timestamp="03 Apr 2018 19:25:23 GMT" time="109.507" errors="0">
  <testcase name="currencyConverterValidation" time="27.614" classname="testDriver.TestCaseRunner"/>
  <testcase name="currencyConverterValidation" time="19.666" classname="testDriver.TestCaseRunner"/>
  <testcase name="currencyConverterValidation" time="21.636" classname="testDriver.TestCaseRunner"/>
  <testcase name="currencyConverterValidation" time="20.324" classname="testDriver.TestCaseRunner"/>
  <testcase name="noAmountCurrencyConverterErrorMessageValidation" time="20.267" classname="testDriver.TestCaseRunner"/>
</testsuite> <!-- testDriver.TestCaseRunner -->
