<?xml version="1.0" encoding="UTF-8"?>
<!-- Generated by org.testng.reporters.JUnitReportReporter -->
<testsuite skipped="0" hostname="DESKTOP-AFPACQQ" name="testDriver.TestCaseRunner" tests="5" failures="0" timestamp="03 Apr 2018 17:47:41 GMT" time="117.884" errors="0">
  <testcase name="currencyConverterValidation" time="26.432" classname="testDriver.TestCaseRunner"/>
  <testcase name="currencyConverterValidation" time="24.883" classname="testDriver.TestCaseRunner"/>
  <testcase name="currencyConverterValidation" time="21.676" classname="testDriver.TestCaseRunner"/>
  <testcase name="currencyConverterValidation" time="22.972" classname="testDriver.TestCaseRunner"/>
  <testcase name="noAmountCurrencyConverterErrorMessageValidation" time="21.921" classname="testDriver.TestCaseRunner"/>
</testsuite> <!-- testDriver.TestCaseRunner -->
